0 info it worked if it ends with ok
1 verbose cli [ '/usr/local/bin/node', '/usr/local/bin/npm', 'start' ]
2 info using npm@4.0.5
3 info using node@v7.3.0
4 verbose run-script [ 'prestart', 'start', 'poststart' ]
5 info lifecycle minera@0.0.0~prestart: minera@0.0.0
6 silly lifecycle minera@0.0.0~prestart: no script for prestart, continuing
7 info lifecycle minera@0.0.0~start: minera@0.0.0
8 verbose lifecycle minera@0.0.0~start: unsafe-perm in lifecycle true
9 verbose lifecycle minera@0.0.0~start: PATH: /usr/local/lib/node_modules/npm/bin/node-gyp-bin:/Users/royhui/Dropbox (Personal)/Scale/Dev/prototype/minera-beta/safe-springs-65490/node_modules/.bin:/Users/royhui/.rvm/gems/ruby-2.4.0/bin:/Users/royhui/.rvm/gems/ruby-2.4.0@global/bin:/Users/royhui/.rvm/rubies/ruby-2.4.0/bin:/Users/royhui/work/pkg/darwin_amd64/go_appengine:/Users/royhui/work/bin:/usr/local/bin:/usr/bin:/bin:/usr/sbin:/sbin:/usr/local/share/dotnet:/usr/local/go/bin:/Library/Frameworks/Mono.framework/Versions/Current/Commands:/Applications/Postgres.app/Contents/Versions/latest/bin:/Users/royhui/.rvm/bin
10 verbose lifecycle minera@0.0.0~start: CWD: /Users/royhui/Dropbox (Personal)/Scale/Dev/prototype/minera-beta/safe-springs-65490
11 silly lifecycle minera@0.0.0~start: Args: [ '-c', 'node ./bin/www' ]
12 silly lifecycle minera@0.0.0~start: Returned: code: 1  signal: null
13 info lifecycle minera@0.0.0~start: Failed to exec start script
14 verbose stack Error: minera@0.0.0 start: `node ./bin/www`
14 verbose stack Exit status 1
14 verbose stack     at EventEmitter.<anonymous> (/usr/local/lib/node_modules/npm/lib/utils/lifecycle.js:279:16)
14 verbose stack     at emitTwo (events.js:106:13)
14 verbose stack     at EventEmitter.emit (events.js:191:7)
14 verbose stack     at ChildProcess.<anonymous> (/usr/local/lib/node_modules/npm/lib/utils/spawn.js:40:14)
14 verbose stack     at emitTwo (events.js:106:13)
14 verbose stack     at ChildProcess.emit (events.js:191:7)
14 verbose stack     at maybeClose (internal/child_process.js:885:16)
14 verbose stack     at Process.ChildProcess._handle.onexit (internal/child_process.js:226:5)
15 verbose pkgid minera@0.0.0
16 verbose cwd /Users/royhui/Dropbox (Personal)/Scale/Dev/prototype/minera-beta/safe-springs-65490
17 error Darwin 16.4.0
18 error argv "/usr/local/bin/node" "/usr/local/bin/npm" "start"
19 error node v7.3.0
20 error npm  v4.0.5
21 error code ELIFECYCLE
22 error minera@0.0.0 start: `node ./bin/www`
22 error Exit status 1
23 error Failed at the minera@0.0.0 start script 'node ./bin/www'.
23 error Make sure you have the latest version of node.js and npm installed.
23 error If you do, this is most likely a problem with the minera package,
23 error not with npm itself.
23 error Tell the author that this fails on your system:
23 error     node ./bin/www
23 error You can get information on how to open an issue for this project with:
23 error     npm bugs minera
23 error Or if that isn't available, you can get their info via:
23 error     npm owner ls minera
23 error There is likely additional logging output above.
24 verbose exit [ 1, true ]
